{
  message: 'Ticket creado exitosamente.',
  level: 'info',
  timestamp: '2024-06-02T19:38:36.517Z'
}
{ level: 'error', timestamp: '2024-06-02T19:38:50.958Z' }
{ level: 'error', timestamp: '2024-06-02T19:39:07.789Z' }
{
  message: 'req is not defined',
  level: 'error',
  timestamp: '2024-06-02T19:39:30.330Z'
}
{
  message: 'Error al crear el ticket',
  level: 'error',
  timestamp: '2024-06-02T19:41:38.555Z'
}
{
  message: 'Ticket creado exitosamente.',
  level: 'info',
  timestamp: '2024-06-02T20:03:45.324Z'
}
{
  message: 'Error al crear el ticket',
  level: 'error',
  timestamp: '2024-06-02T20:03:48.109Z'
}
